<?xml version="1.0" encoding="UTF-8"?>
<testng-results ignored="0" total="30" passed="23" failed="7" skipped="0">
  <reporter-output>
  </reporter-output>
  <suite started-at="2024-09-07T23:34:13 IST" name="Suite" finished-at="2024-09-07T23:50:03 IST" duration-ms="949677">
    <groups>
    </groups>
    <test started-at="2024-09-07T23:34:13 IST" name="Test" finished-at="2024-09-07T23:50:03 IST" duration-ms="949677">
      <class name="firefox.desktop.resolutionsC.TeamFeatures">
        <test-method signature="teamFeatures()[pri:0, instance:firefox.desktop.resolutionsC.TeamFeatures@10e31a9a]" started-at="2024-09-07T23:37:59 IST" name="teamFeatures" finished-at="2024-09-07T23:38:24 IST" duration-ms="25253" status="PASS">
          <reporter-output>
          </reporter-output>
        </test-method> <!-- teamFeatures -->
        <test-method is-config="true" signature="tearDown()[pri:0, instance:firefox.desktop.resolutionsC.TeamFeatures@10e31a9a]" started-at="2024-09-07T23:50:03 IST" name="tearDown" finished-at="1970-01-01T05:30:00 IST" duration-ms="-1725733203003" status="SKIP">
          <reporter-output>
          </reporter-output>
        </test-method> <!-- tearDown -->
      </class> <!-- firefox.desktop.resolutionsC.TeamFeatures -->
      <class name="firefox.mobile.resolutionA.LifetimeOfferMobileA">
        <test-method signature="lifeTimeOfferPage()[pri:0, instance:firefox.mobile.resolutionA.LifetimeOfferMobileA@2b662a77]" started-at="2024-09-07T23:40:36 IST" name="lifeTimeOfferPage" finished-at="2024-09-07T23:40:56 IST" duration-ms="20342" status="PASS">
          <reporter-output>
          </reporter-output>
        </test-method> <!-- lifeTimeOfferPage -->
        <test-method is-config="true" signature="tearDown()[pri:0, instance:firefox.mobile.resolutionA.LifetimeOfferMobileA@2b662a77]" started-at="2024-09-07T23:50:02 IST" name="tearDown" finished-at="1970-01-01T05:30:00 IST" duration-ms="-1725733202987" status="SKIP">
          <reporter-output>
          </reporter-output>
        </test-method> <!-- tearDown -->
      </class> <!-- firefox.mobile.resolutionA.LifetimeOfferMobileA -->
      <class name="firefox.desktop.resolutionsC.DemoPage">
        <test-method signature="demoPage()[pri:0, instance:firefox.desktop.resolutionsC.DemoPage@131774fe]" started-at="2024-09-07T23:38:24 IST" name="demoPage" finished-at="2024-09-07T23:38:48 IST" duration-ms="24114" status="PASS">
          <reporter-output>
          </reporter-output>
        </test-method> <!-- demoPage -->
        <test-method is-config="true" signature="tearDown()[pri:0, instance:firefox.desktop.resolutionsC.DemoPage@131774fe]" started-at="2024-09-07T23:50:02 IST" name="tearDown" finished-at="1970-01-01T05:30:00 IST" duration-ms="-1725733202983" status="SKIP">
          <reporter-output>
          </reporter-output>
        </test-method> <!-- tearDown -->
      </class> <!-- firefox.desktop.resolutionsC.DemoPage -->
      <class name="firefox.desktop.resolutionsC.CalleyDeskC">
        <test-method signature="calleyPage()[pri:0, instance:firefox.desktop.resolutionsC.CalleyDeskC@77847718]" started-at="2024-09-07T23:39:16 IST" name="calleyPage" finished-at="2024-09-07T23:39:47 IST" duration-ms="30616" status="PASS">
          <reporter-output>
          </reporter-output>
        </test-method> <!-- calleyPage -->
        <test-method is-config="true" signature="tearDown()[pri:0, instance:firefox.desktop.resolutionsC.CalleyDeskC@77847718]" started-at="2024-09-07T23:49:52 IST" name="tearDown" finished-at="2024-09-07T23:49:53 IST" duration-ms="976" status="PASS">
          <reporter-output>
          </reporter-output>
        </test-method> <!-- tearDown -->
      </class> <!-- firefox.desktop.resolutionsC.CalleyDeskC -->
      <class name="firefox.mobile.resolutionC.TeamFeatures">
        <test-method signature="teamFeatures()[pri:0, instance:firefox.mobile.resolutionC.TeamFeatures@49139829]" started-at="2024-09-07T23:44:38 IST" name="teamFeatures" finished-at="2024-09-07T23:45:01 IST" duration-ms="22914" status="FAIL">
          <exception class="org.openqa.selenium.WebDriverException">
            <message>
              <![CDATA[Failed to decode response from marionette
Build info: version: '4.24.0', revision: '748ffc9bc3'
System info: os.name: 'Windows 11', os.arch: 'amd64', os.version: '10.0', java.version: '17.0.11'
Driver info: org.openqa.selenium.firefox.FirefoxDriver
Command: [5aacba27-5356-41f5-b2bd-3b81242ba7a4, get {url=https://www.getcalley.com/calley-teams-features/}]
Capabilities {acceptInsecureCerts: true, browserName: firefox, browserVersion: 130.0, moz:accessibilityChecks: false, moz:buildID: 20240829075237, moz:debuggerAddress: 127.0.0.1:29760, moz:geckodriverVersion: 0.35.0, moz:headless: false, moz:platformVersion: 10.0, moz:processID: 44948, moz:profile: C:\Users\asus\AppData\Local..., moz:shutdownTimeout: 60000, moz:webdriverClick: true, moz:windowless: false, pageLoadStrategy: normal, platformName: windows, proxy: Proxy(), se:cdp: ws://127.0.0.1:29760/devtoo..., se:cdpVersion: 85.0, setWindowRect: true, strictFileInteractability: false, timeouts: {implicit: 0, pageLoad: 300000, script: 30000}, unhandledPromptBehavior: dismiss and notify, userAgent: Mozilla/5.0 (Windows NT 10....}
Session ID: 5aacba27-5356-41f5-b2bd-3b81242ba7a4]]>
            </message>
            <full-stacktrace>
              <![CDATA[org.openqa.selenium.WebDriverException: Failed to decode response from marionette
Build info: version: '4.24.0', revision: '748ffc9bc3'
System info: os.name: 'Windows 11', os.arch: 'amd64', os.version: '10.0', java.version: '17.0.11'
Driver info: org.openqa.selenium.firefox.FirefoxDriver
Command: [5aacba27-5356-41f5-b2bd-3b81242ba7a4, get {url=https://www.getcalley.com/calley-teams-features/}]
Capabilities {acceptInsecureCerts: true, browserName: firefox, browserVersion: 130.0, moz:accessibilityChecks: false, moz:buildID: 20240829075237, moz:debuggerAddress: 127.0.0.1:29760, moz:geckodriverVersion: 0.35.0, moz:headless: false, moz:platformVersion: 10.0, moz:processID: 44948, moz:profile: C:\Users\asus\AppData\Local..., moz:shutdownTimeout: 60000, moz:webdriverClick: true, moz:windowless: false, pageLoadStrategy: normal, platformName: windows, proxy: Proxy(), se:cdp: ws://127.0.0.1:29760/devtoo..., se:cdpVersion: 85.0, setWindowRect: true, strictFileInteractability: false, timeouts: {implicit: 0, pageLoad: 300000, script: 30000}, unhandledPromptBehavior: dismiss and notify, userAgent: Mozilla/5.0 (Windows NT 10....}
Session ID: 5aacba27-5356-41f5-b2bd-3b81242ba7a4
at java.base/jdk.internal.reflect.NativeConstructorAccessorImpl.newInstance0(Native Method)
at java.base/jdk.internal.reflect.NativeConstructorAccessorImpl.newInstance(NativeConstructorAccessorImpl.java:77)
at java.base/jdk.internal.reflect.DelegatingConstructorAccessorImpl.newInstance(DelegatingConstructorAccessorImpl.java:45)
at java.base/java.lang.reflect.Constructor.newInstanceWithCaller(Constructor.java:499)
at java.base/java.lang.reflect.Constructor.newInstance(Constructor.java:480)
at org.openqa.selenium.remote.ErrorCodec.decode(ErrorCodec.java:167)
at org.openqa.selenium.remote.codec.w3c.W3CHttpResponseCodec.decode(W3CHttpResponseCodec.java:138)
at org.openqa.selenium.remote.codec.w3c.W3CHttpResponseCodec.decode(W3CHttpResponseCodec.java:50)
at org.openqa.selenium.remote.HttpCommandExecutor.execute(HttpCommandExecutor.java:190)
at org.openqa.selenium.remote.service.DriverCommandExecutor.invokeExecute(DriverCommandExecutor.java:216)
at org.openqa.selenium.remote.service.DriverCommandExecutor.execute(DriverCommandExecutor.java:174)
at org.openqa.selenium.remote.RemoteWebDriver.execute(RemoteWebDriver.java:545)
at org.openqa.selenium.remote.RemoteWebDriver.get(RemoteWebDriver.java:313)
at firefox.mobile.resolutionC.TeamFeatures.teamFeatures(TeamFeatures.java:25)
at java.base/jdk.internal.reflect.NativeMethodAccessorImpl.invoke0(Native Method)
at java.base/jdk.internal.reflect.NativeMethodAccessorImpl.invoke(NativeMethodAccessorImpl.java:77)
at java.base/jdk.internal.reflect.DelegatingMethodAccessorImpl.invoke(DelegatingMethodAccessorImpl.java:43)
at java.base/java.lang.reflect.Method.invoke(Method.java:568)
at org.testng.internal.MethodInvocationHelper.invokeMethod(MethodInvocationHelper.java:133)
at org.testng.internal.TestInvoker.invokeMethod(TestInvoker.java:598)
at org.testng.internal.TestInvoker.invokeTestMethod(TestInvoker.java:173)
at org.testng.internal.MethodRunner.runInSequence(MethodRunner.java:46)
at org.testng.internal.TestInvoker$MethodInvocationAgent.invoke(TestInvoker.java:824)
at org.testng.internal.TestInvoker.invokeTestMethods(TestInvoker.java:146)
at org.testng.internal.TestMethodWorker.invokeTestMethods(TestMethodWorker.java:146)
at org.testng.internal.TestMethodWorker.run(TestMethodWorker.java:128)
at java.base/java.util.ArrayList.forEach(ArrayList.java:1511)
at org.testng.TestRunner.privateRun(TestRunner.java:794)
at org.testng.TestRunner.run(TestRunner.java:596)
at org.testng.SuiteRunner.runTest(SuiteRunner.java:377)
at org.testng.SuiteRunner.runSequentially(SuiteRunner.java:371)
at org.testng.SuiteRunner.privateRun(SuiteRunner.java:332)
at org.testng.SuiteRunner.run(SuiteRunner.java:276)
at org.testng.SuiteRunnerWorker.runSuite(SuiteRunnerWorker.java:53)
at org.testng.SuiteRunnerWorker.run(SuiteRunnerWorker.java:96)
at org.testng.TestNG.runSuitesSequentially(TestNG.java:1212)
at org.testng.TestNG.runSuitesLocally(TestNG.java:1134)
at org.testng.TestNG.runSuites(TestNG.java:1063)
at org.testng.TestNG.run(TestNG.java:1031)
at org.testng.remote.AbstractRemoteTestNG.run(AbstractRemoteTestNG.java:115)
at org.testng.remote.RemoteTestNG.initAndRun(RemoteTestNG.java:293)
at org.testng.remote.RemoteTestNG.main(RemoteTestNG.java:91)
]]>
            </full-stacktrace>
          </exception> <!-- org.openqa.selenium.WebDriverException -->
          <reporter-output>
          </reporter-output>
        </test-method> <!-- teamFeatures -->
        <test-method is-config="true" signature="tearDown()[pri:0, instance:firefox.mobile.resolutionC.TeamFeatures@49139829]" started-at="2024-09-07T23:50:03 IST" name="tearDown" finished-at="1970-01-01T05:30:00 IST" duration-ms="-1725733203007" status="SKIP">
          <reporter-output>
          </reporter-output>
        </test-method> <!-- tearDown -->
      </class> <!-- firefox.mobile.resolutionC.TeamFeatures -->
      <class name="firefox.desktop.resolutionsB.CalleyLifetimeOfferB">
        <test-method signature="lifeTimeOfferPage()[pri:0, instance:firefox.desktop.resolutionsB.CalleyLifetimeOfferB@74fe5c40]" started-at="2024-09-07T23:37:15 IST" name="lifeTimeOfferPage" finished-at="2024-09-07T23:37:34 IST" duration-ms="18897" status="PASS">
          <reporter-output>
          </reporter-output>
        </test-method> <!-- lifeTimeOfferPage -->
        <test-method is-config="true" signature="tearDown()[pri:0, instance:firefox.desktop.resolutionsB.CalleyLifetimeOfferB@74fe5c40]" started-at="2024-09-07T23:49:54 IST" name="tearDown" finished-at="2024-09-07T23:49:55 IST" duration-ms="1060" status="PASS">
          <reporter-output>
          </reporter-output>
        </test-method> <!-- tearDown -->
      </class> <!-- firefox.desktop.resolutionsB.CalleyLifetimeOfferB -->
      <class name="firefox.mobile.resolutionC.DemoPage">
        <test-method signature="demoPage()[pri:0, instance:firefox.mobile.resolutionC.DemoPage@6069db50]" started-at="2024-09-07T23:48:36 IST" name="demoPage" finished-at="2024-09-07T23:49:04 IST" duration-ms="27943" status="FAIL">
          <exception class="org.openqa.selenium.SessionNotCreatedException">
            <message>
              <![CDATA[Could not start a new session. Response code 500. Message: Failed to decode response from marionette 
Host info: host: 'LAPTOP-HRRLCGBU', ip: '192.168.0.109'
Build info: version: '4.24.0', revision: '748ffc9bc3'
System info: os.name: 'Windows 11', os.arch: 'amd64', os.version: '10.0', java.version: '17.0.11'
Driver info: org.openqa.selenium.firefox.FirefoxDriver
Command: [null, newSession {capabilities=[Capabilities {acceptInsecureCerts: true, browserName: firefox, moz:debuggerAddress: true, moz:firefoxOptions: {binary: C:\Users\asus\.cache\seleni..., prefs: {remote.active-protocols: 3}}}]}]]]>
            </message>
            <full-stacktrace>
              <![CDATA[org.openqa.selenium.SessionNotCreatedException: Could not start a new session. Response code 500. Message: Failed to decode response from marionette 
Host info: host: 'LAPTOP-HRRLCGBU', ip: '192.168.0.109'
Build info: version: '4.24.0', revision: '748ffc9bc3'
System info: os.name: 'Windows 11', os.arch: 'amd64', os.version: '10.0', java.version: '17.0.11'
Driver info: org.openqa.selenium.firefox.FirefoxDriver
Command: [null, newSession {capabilities=[Capabilities {acceptInsecureCerts: true, browserName: firefox, moz:debuggerAddress: true, moz:firefoxOptions: {binary: C:\Users\asus\.cache\seleni..., prefs: {remote.active-protocols: 3}}}]}]
at org.openqa.selenium.remote.ProtocolHandshake.createSession(ProtocolHandshake.java:114)
at org.openqa.selenium.remote.ProtocolHandshake.createSession(ProtocolHandshake.java:75)
at org.openqa.selenium.remote.ProtocolHandshake.createSession(ProtocolHandshake.java:61)
at org.openqa.selenium.remote.HttpCommandExecutor.execute(HttpCommandExecutor.java:162)
at org.openqa.selenium.remote.service.DriverCommandExecutor.invokeExecute(DriverCommandExecutor.java:216)
at org.openqa.selenium.remote.service.DriverCommandExecutor.execute(DriverCommandExecutor.java:174)
at org.openqa.selenium.remote.RemoteWebDriver.execute(RemoteWebDriver.java:545)
at org.openqa.selenium.remote.RemoteWebDriver.startSession(RemoteWebDriver.java:245)
at org.openqa.selenium.remote.RemoteWebDriver.<init>(RemoteWebDriver.java:174)
at org.openqa.selenium.firefox.FirefoxDriver.<init>(FirefoxDriver.java:155)
at org.openqa.selenium.firefox.FirefoxDriver.<init>(FirefoxDriver.java:150)
at org.openqa.selenium.firefox.FirefoxDriver.<init>(FirefoxDriver.java:132)
at org.openqa.selenium.firefox.FirefoxDriver.<init>(FirefoxDriver.java:127)
at org.openqa.selenium.firefox.FirefoxDriver.<init>(FirefoxDriver.java:112)
at org.openqa.selenium.firefox.FirefoxDriver.<init>(FirefoxDriver.java:102)
at firefox.mobile.resolutionC.DemoPage.demoPage(DemoPage.java:21)
at java.base/jdk.internal.reflect.NativeMethodAccessorImpl.invoke0(Native Method)
at java.base/jdk.internal.reflect.NativeMethodAccessorImpl.invoke(NativeMethodAccessorImpl.java:77)
at java.base/jdk.internal.reflect.DelegatingMethodAccessorImpl.invoke(DelegatingMethodAccessorImpl.java:43)
at java.base/java.lang.reflect.Method.invoke(Method.java:568)
at org.testng.internal.MethodInvocationHelper.invokeMethod(MethodInvocationHelper.java:133)
at org.testng.internal.TestInvoker.invokeMethod(TestInvoker.java:598)
at org.testng.internal.TestInvoker.invokeTestMethod(TestInvoker.java:173)
at org.testng.internal.MethodRunner.runInSequence(MethodRunner.java:46)
at org.testng.internal.TestInvoker$MethodInvocationAgent.invoke(TestInvoker.java:824)
at org.testng.internal.TestInvoker.invokeTestMethods(TestInvoker.java:146)
at org.testng.internal.TestMethodWorker.invokeTestMethods(TestMethodWorker.java:146)
at org.testng.internal.TestMethodWorker.run(TestMethodWorker.java:128)
at java.base/java.util.ArrayList.forEach(ArrayList.java:1511)
at org.testng.TestRunner.privateRun(TestRunner.java:794)
at org.testng.TestRunner.run(TestRunner.java:596)
at org.testng.SuiteRunner.runTest(SuiteRunner.java:377)
at org.testng.SuiteRunner.runSequentially(SuiteRunner.java:371)
at org.testng.SuiteRunner.privateRun(SuiteRunner.java:332)
at org.testng.SuiteRunner.run(SuiteRunner.java:276)
at org.testng.SuiteRunnerWorker.runSuite(SuiteRunnerWorker.java:53)
at org.testng.SuiteRunnerWorker.run(SuiteRunnerWorker.java:96)
at org.testng.TestNG.runSuitesSequentially(TestNG.java:1212)
at org.testng.TestNG.runSuitesLocally(TestNG.java:1134)
at org.testng.TestNG.runSuites(TestNG.java:1063)
at org.testng.TestNG.run(TestNG.java:1031)
at org.testng.remote.AbstractRemoteTestNG.run(AbstractRemoteTestNG.java:115)
at org.testng.remote.RemoteTestNG.initAndRun(RemoteTestNG.java:293)
at org.testng.remote.RemoteTestNG.main(RemoteTestNG.java:91)
]]>
            </full-stacktrace>
          </exception> <!-- org.openqa.selenium.SessionNotCreatedException -->
          <reporter-output>
          </reporter-output>
        </test-method> <!-- demoPage -->
        <test-method is-config="true" signature="tearDown()[pri:0, instance:firefox.mobile.resolutionC.DemoPage@6069db50]" started-at="2024-09-07T23:50:02 IST" name="tearDown" finished-at="1970-01-01T05:30:00 IST" duration-ms="-1725733202983" status="SKIP">
          <reporter-output>
          </reporter-output>
        </test-method> <!-- tearDown -->
      </class> <!-- firefox.mobile.resolutionC.DemoPage -->
      <class name="firefox.mobile.resolutionB.TeamFeatures">
        <test-method signature="teamFeatures()[pri:0, instance:firefox.mobile.resolutionB.TeamFeatures@4550bb58]" started-at="2024-09-07T23:43:21 IST" name="teamFeatures" finished-at="2024-09-07T23:43:50 IST" duration-ms="29103" status="PASS">
          <reporter-output>
          </reporter-output>
        </test-method> <!-- teamFeatures -->
        <test-method is-config="true" signature="tearDown()[pri:0, instance:firefox.mobile.resolutionB.TeamFeatures@4550bb58]" started-at="2024-09-07T23:50:03 IST" name="tearDown" finished-at="1970-01-01T05:30:00 IST" duration-ms="-1725733203003" status="SKIP">
          <reporter-output>
          </reporter-output>
        </test-method> <!-- tearDown -->
      </class> <!-- firefox.mobile.resolutionB.TeamFeatures -->
      <class name="firefox.desktop.resolutionsA.CalleyDeskA">
        <test-method signature="calleyPage()[pri:0, instance:firefox.desktop.resolutionsA.CalleyDeskA@16d04d3d]" started-at="2024-09-07T23:35:20 IST" name="calleyPage" finished-at="2024-09-07T23:35:47 IST" duration-ms="26513" status="PASS">
          <reporter-output>
          </reporter-output>
        </test-method> <!-- calleyPage -->
        <test-method is-config="true" signature="tearDown()[pri:0, instance:firefox.desktop.resolutionsA.CalleyDeskA@16d04d3d]" started-at="2024-09-07T23:49:49 IST" name="tearDown" finished-at="2024-09-07T23:49:51 IST" duration-ms="1819" status="PASS">
          <reporter-output>
          </reporter-output>
        </test-method> <!-- tearDown -->
      </class> <!-- firefox.desktop.resolutionsA.CalleyDeskA -->
      <class name="firefox.desktop.resolutionsA.TeamFeatures">
        <test-method signature="teamFeatures()[pri:0, instance:firefox.desktop.resolutionsA.TeamFeatures@2d7275fc]" started-at="2024-09-07T23:34:13 IST" name="teamFeatures" finished-at="2024-09-07T23:34:37 IST" duration-ms="24116" status="PASS">
          <reporter-output>
          </reporter-output>
        </test-method> <!-- teamFeatures -->
        <test-method is-config="true" signature="tearDown()[pri:0, instance:firefox.desktop.resolutionsA.TeamFeatures@2d7275fc]" started-at="2024-09-07T23:50:02 IST" name="tearDown" finished-at="1970-01-01T05:30:00 IST" duration-ms="-1725733202999" status="SKIP">
          <reporter-output>
          </reporter-output>
        </test-method> <!-- tearDown -->
      </class> <!-- firefox.desktop.resolutionsA.TeamFeatures -->
      <class name="firefox.desktop.resolutionsB.CalleyDeskB">
        <test-method signature="calleyPage()[pri:0, instance:firefox.desktop.resolutionsB.CalleyDeskB@436813f3]" started-at="2024-09-07T23:36:48 IST" name="calleyPage" finished-at="2024-09-07T23:37:15 IST" duration-ms="26844" status="PASS">
          <reporter-output>
          </reporter-output>
        </test-method> <!-- calleyPage -->
        <test-method is-config="true" signature="tearDown()[pri:0, instance:firefox.desktop.resolutionsB.CalleyDeskB@436813f3]" started-at="2024-09-07T23:49:51 IST" name="tearDown" finished-at="2024-09-07T23:49:52 IST" duration-ms="1241" status="PASS">
          <reporter-output>
          </reporter-output>
        </test-method> <!-- tearDown -->
      </class> <!-- firefox.desktop.resolutionsB.CalleyDeskB -->
      <class name="firefox.mobile.resolutionA.TeamFeatures">
        <test-method signature="teamFeatures()[pri:0, instance:firefox.mobile.resolutionA.TeamFeatures@1623b78d]" started-at="2024-09-07T23:41:50 IST" name="teamFeatures" finished-at="2024-09-07T23:42:19 IST" duration-ms="28750" status="PASS">
          <reporter-output>
          </reporter-output>
        </test-method> <!-- teamFeatures -->
        <test-method is-config="true" signature="tearDown()[pri:0, instance:firefox.mobile.resolutionA.TeamFeatures@1623b78d]" started-at="2024-09-07T23:50:03 IST" name="tearDown" finished-at="1970-01-01T05:30:00 IST" duration-ms="-1725733203003" status="SKIP">
          <reporter-output>
          </reporter-output>
        </test-method> <!-- tearDown -->
      </class> <!-- firefox.mobile.resolutionA.TeamFeatures -->
      <class name="firefox.desktop.resolutionsB.TeamFeatures">
        <test-method signature="teamFeatures()[pri:0, instance:firefox.desktop.resolutionsB.TeamFeatures@3febb011]" started-at="2024-09-07T23:37:34 IST" name="teamFeatures" finished-at="2024-09-07T23:37:59 IST" duration-ms="24968" status="PASS">
          <reporter-output>
          </reporter-output>
        </test-method> <!-- teamFeatures -->
        <test-method is-config="true" signature="tearDown()[pri:0, instance:firefox.desktop.resolutionsB.TeamFeatures@3febb011]" started-at="2024-09-07T23:50:02 IST" name="tearDown" finished-at="1970-01-01T05:30:00 IST" duration-ms="-1725733202999" status="SKIP">
          <reporter-output>
          </reporter-output>
        </test-method> <!-- tearDown -->
      </class> <!-- firefox.desktop.resolutionsB.TeamFeatures -->
      <class name="firefox.mobile.resolutionA.CalleyMobileA">
        <test-method signature="calleyPage()[pri:0, instance:firefox.mobile.resolutionA.CalleyMobileA@5c33f1a9]" started-at="2024-09-07T23:41:20 IST" name="calleyPage" finished-at="2024-09-07T23:41:50 IST" duration-ms="30144" status="PASS">
          <reporter-output>
          </reporter-output>
        </test-method> <!-- calleyPage -->
        <test-method is-config="true" signature="tearDown()[pri:0, instance:firefox.mobile.resolutionA.CalleyMobileA@5c33f1a9]" started-at="2024-09-07T23:50:00 IST" name="tearDown" finished-at="2024-09-07T23:50:01 IST" duration-ms="1612" status="PASS">
          <reporter-output>
          </reporter-output>
        </test-method> <!-- tearDown -->
      </class> <!-- firefox.mobile.resolutionA.CalleyMobileA -->
      <class name="firefox.mobile.resolutionC.CalleyMobileC">
        <test-method signature="calleyPage()[pri:0, instance:firefox.mobile.resolutionC.CalleyMobileC@1b7cc17c]" started-at="2024-09-07T23:49:30 IST" name="calleyPage" finished-at="2024-09-07T23:49:49 IST" duration-ms="18908" status="FAIL">
          <exception class="org.openqa.selenium.SessionNotCreatedException">
            <message>
              <![CDATA[Could not start a new session. Response code 500. Message: Failed to decode response from marionette 
Host info: host: 'LAPTOP-HRRLCGBU', ip: '192.168.0.109'
Build info: version: '4.24.0', revision: '748ffc9bc3'
System info: os.name: 'Windows 11', os.arch: 'amd64', os.version: '10.0', java.version: '17.0.11'
Driver info: org.openqa.selenium.firefox.FirefoxDriver
Command: [null, newSession {capabilities=[Capabilities {acceptInsecureCerts: true, browserName: firefox, moz:debuggerAddress: true, moz:firefoxOptions: {binary: C:\Users\asus\.cache\seleni..., prefs: {remote.active-protocols: 3}}}]}]]]>
            </message>
            <full-stacktrace>
              <![CDATA[org.openqa.selenium.SessionNotCreatedException: Could not start a new session. Response code 500. Message: Failed to decode response from marionette 
Host info: host: 'LAPTOP-HRRLCGBU', ip: '192.168.0.109'
Build info: version: '4.24.0', revision: '748ffc9bc3'
System info: os.name: 'Windows 11', os.arch: 'amd64', os.version: '10.0', java.version: '17.0.11'
Driver info: org.openqa.selenium.firefox.FirefoxDriver
Command: [null, newSession {capabilities=[Capabilities {acceptInsecureCerts: true, browserName: firefox, moz:debuggerAddress: true, moz:firefoxOptions: {binary: C:\Users\asus\.cache\seleni..., prefs: {remote.active-protocols: 3}}}]}]
at org.openqa.selenium.remote.ProtocolHandshake.createSession(ProtocolHandshake.java:114)
at org.openqa.selenium.remote.ProtocolHandshake.createSession(ProtocolHandshake.java:75)
at org.openqa.selenium.remote.ProtocolHandshake.createSession(ProtocolHandshake.java:61)
at org.openqa.selenium.remote.HttpCommandExecutor.execute(HttpCommandExecutor.java:162)
at org.openqa.selenium.remote.service.DriverCommandExecutor.invokeExecute(DriverCommandExecutor.java:216)
at org.openqa.selenium.remote.service.DriverCommandExecutor.execute(DriverCommandExecutor.java:174)
at org.openqa.selenium.remote.RemoteWebDriver.execute(RemoteWebDriver.java:545)
at org.openqa.selenium.remote.RemoteWebDriver.startSession(RemoteWebDriver.java:245)
at org.openqa.selenium.remote.RemoteWebDriver.<init>(RemoteWebDriver.java:174)
at org.openqa.selenium.firefox.FirefoxDriver.<init>(FirefoxDriver.java:155)
at org.openqa.selenium.firefox.FirefoxDriver.<init>(FirefoxDriver.java:150)
at org.openqa.selenium.firefox.FirefoxDriver.<init>(FirefoxDriver.java:132)
at org.openqa.selenium.firefox.FirefoxDriver.<init>(FirefoxDriver.java:127)
at org.openqa.selenium.firefox.FirefoxDriver.<init>(FirefoxDriver.java:112)
at org.openqa.selenium.firefox.FirefoxDriver.<init>(FirefoxDriver.java:102)
at firefox.mobile.resolutionC.CalleyMobileC.calleyPage(CalleyMobileC.java:21)
at java.base/jdk.internal.reflect.NativeMethodAccessorImpl.invoke0(Native Method)
at java.base/jdk.internal.reflect.NativeMethodAccessorImpl.invoke(NativeMethodAccessorImpl.java:77)
at java.base/jdk.internal.reflect.DelegatingMethodAccessorImpl.invoke(DelegatingMethodAccessorImpl.java:43)
at java.base/java.lang.reflect.Method.invoke(Method.java:568)
at org.testng.internal.MethodInvocationHelper.invokeMethod(MethodInvocationHelper.java:133)
at org.testng.internal.TestInvoker.invokeMethod(TestInvoker.java:598)
at org.testng.internal.TestInvoker.invokeTestMethod(TestInvoker.java:173)
at org.testng.internal.MethodRunner.runInSequence(MethodRunner.java:46)
at org.testng.internal.TestInvoker$MethodInvocationAgent.invoke(TestInvoker.java:824)
at org.testng.internal.TestInvoker.invokeTestMethods(TestInvoker.java:146)
at org.testng.internal.TestMethodWorker.invokeTestMethods(TestMethodWorker.java:146)
at org.testng.internal.TestMethodWorker.run(TestMethodWorker.java:128)
at java.base/java.util.ArrayList.forEach(ArrayList.java:1511)
at org.testng.TestRunner.privateRun(TestRunner.java:794)
at org.testng.TestRunner.run(TestRunner.java:596)
at org.testng.SuiteRunner.runTest(SuiteRunner.java:377)
at org.testng.SuiteRunner.runSequentially(SuiteRunner.java:371)
at org.testng.SuiteRunner.privateRun(SuiteRunner.java:332)
at org.testng.SuiteRunner.run(SuiteRunner.java:276)
at org.testng.SuiteRunnerWorker.runSuite(SuiteRunnerWorker.java:53)
at org.testng.SuiteRunnerWorker.run(SuiteRunnerWorker.java:96)
at org.testng.TestNG.runSuitesSequentially(TestNG.java:1212)
at org.testng.TestNG.runSuitesLocally(TestNG.java:1134)
at org.testng.TestNG.runSuites(TestNG.java:1063)
at org.testng.TestNG.run(TestNG.java:1031)
at org.testng.remote.AbstractRemoteTestNG.run(AbstractRemoteTestNG.java:115)
at org.testng.remote.RemoteTestNG.initAndRun(RemoteTestNG.java:293)
at org.testng.remote.RemoteTestNG.main(RemoteTestNG.java:91)
]]>
            </full-stacktrace>
          </exception> <!-- org.openqa.selenium.SessionNotCreatedException -->
          <reporter-output>
          </reporter-output>
        </test-method> <!-- calleyPage -->
        <test-method is-config="true" signature="tearDown()[pri:0, instance:firefox.mobile.resolutionC.CalleyMobileC@1b7cc17c]" started-at="2024-09-07T23:50:02 IST" name="tearDown" finished-at="2024-09-07T23:50:02 IST" duration-ms="0" status="FAIL">
          <exception class="java.lang.NullPointerException">
            <message>
              <![CDATA[Cannot invoke "org.openqa.selenium.WebDriver.quit()" because "firefox.mobile.resolutionC.CalleyMobileC.driver" is null]]>
            </message>
            <full-stacktrace>
              <![CDATA[java.lang.NullPointerException: Cannot invoke "org.openqa.selenium.WebDriver.quit()" because "firefox.mobile.resolutionC.CalleyMobileC.driver" is null
at firefox.mobile.resolutionC.CalleyMobileC.tearDown(CalleyMobileC.java:33)
at java.base/jdk.internal.reflect.NativeMethodAccessorImpl.invoke0(Native Method)
at java.base/jdk.internal.reflect.NativeMethodAccessorImpl.invoke(NativeMethodAccessorImpl.java:77)
at java.base/jdk.internal.reflect.DelegatingMethodAccessorImpl.invoke(DelegatingMethodAccessorImpl.java:43)
at java.base/java.lang.reflect.Method.invoke(Method.java:568)
at org.testng.internal.MethodInvocationHelper.invokeMethod(MethodInvocationHelper.java:133)
at org.testng.internal.MethodInvocationHelper.invokeMethodConsideringTimeout(MethodInvocationHelper.java:62)
at org.testng.internal.ConfigInvoker.invokeConfigurationMethod(ConfigInvoker.java:385)
at org.testng.internal.ConfigInvoker.invokeConfigurations(ConfigInvoker.java:321)
at org.testng.TestRunner.invokeTestConfigurations(TestRunner.java:637)
at org.testng.TestRunner.afterRun(TestRunner.java:877)
at org.testng.TestRunner.run(TestRunner.java:599)
at org.testng.SuiteRunner.runTest(SuiteRunner.java:377)
at org.testng.SuiteRunner.runSequentially(SuiteRunner.java:371)
at org.testng.SuiteRunner.privateRun(SuiteRunner.java:332)
at org.testng.SuiteRunner.run(SuiteRunner.java:276)
at org.testng.SuiteRunnerWorker.runSuite(SuiteRunnerWorker.java:53)
at org.testng.SuiteRunnerWorker.run(SuiteRunnerWorker.java:96)
at org.testng.TestNG.runSuitesSequentially(TestNG.java:1212)
at org.testng.TestNG.runSuitesLocally(TestNG.java:1134)
at org.testng.TestNG.runSuites(TestNG.java:1063)
at org.testng.TestNG.run(TestNG.java:1031)
at org.testng.remote.AbstractRemoteTestNG.run(AbstractRemoteTestNG.java:115)
at org.testng.remote.RemoteTestNG.initAndRun(RemoteTestNG.java:293)
at org.testng.remote.RemoteTestNG.main(RemoteTestNG.java:91)
]]>
            </full-stacktrace>
          </exception> <!-- java.lang.NullPointerException -->
          <reporter-output>
          </reporter-output>
        </test-method> <!-- tearDown -->
      </class> <!-- firefox.mobile.resolutionC.CalleyMobileC -->
      <class name="firefox.mobile.resolutionB.DemoPage">
        <test-method signature="demoPage()[pri:0, instance:firefox.mobile.resolutionB.DemoPage@4ec4f3a0]" started-at="2024-09-07T23:43:50 IST" name="demoPage" finished-at="2024-09-07T23:44:17 IST" duration-ms="26745" status="FAIL">
          <exception class="org.openqa.selenium.NoSuchSessionException">
            <message>
              <![CDATA[WebDriver session does not exist, or is not active
Build info: version: '4.24.0', revision: '748ffc9bc3'
System info: os.name: 'Windows 11', os.arch: 'amd64', os.version: '10.0', java.version: '17.0.11'
Driver info: org.openqa.selenium.firefox.FirefoxDriver
Command: [9da21a26-2287-49ea-93a5-011a5f758873, executeScript {script=return window.devicePixelRatio;, args=[]}]
Capabilities {acceptInsecureCerts: true, browserName: firefox, browserVersion: 130.0, moz:accessibilityChecks: false, moz:buildID: 20240829075237, moz:debuggerAddress: 127.0.0.1:35172, moz:geckodriverVersion: 0.35.0, moz:headless: false, moz:platformVersion: 10.0, moz:processID: 60564, moz:profile: C:\Users\asus\AppData\Local..., moz:shutdownTimeout: 60000, moz:webdriverClick: true, moz:windowless: false, pageLoadStrategy: normal, platformName: windows, proxy: Proxy(), se:cdp: ws://127.0.0.1:35172/devtoo..., se:cdpVersion: 85.0, setWindowRect: true, strictFileInteractability: false, timeouts: {implicit: 0, pageLoad: 300000, script: 30000}, unhandledPromptBehavior: dismiss and notify, userAgent: Mozilla/5.0 (Windows NT 10....}
Session ID: 9da21a26-2287-49ea-93a5-011a5f758873]]>
            </message>
            <full-stacktrace>
              <![CDATA[org.openqa.selenium.NoSuchSessionException: WebDriver session does not exist, or is not active
Build info: version: '4.24.0', revision: '748ffc9bc3'
System info: os.name: 'Windows 11', os.arch: 'amd64', os.version: '10.0', java.version: '17.0.11'
Driver info: org.openqa.selenium.firefox.FirefoxDriver
Command: [9da21a26-2287-49ea-93a5-011a5f758873, executeScript {script=return window.devicePixelRatio;, args=[]}]
Capabilities {acceptInsecureCerts: true, browserName: firefox, browserVersion: 130.0, moz:accessibilityChecks: false, moz:buildID: 20240829075237, moz:debuggerAddress: 127.0.0.1:35172, moz:geckodriverVersion: 0.35.0, moz:headless: false, moz:platformVersion: 10.0, moz:processID: 60564, moz:profile: C:\Users\asus\AppData\Local..., moz:shutdownTimeout: 60000, moz:webdriverClick: true, moz:windowless: false, pageLoadStrategy: normal, platformName: windows, proxy: Proxy(), se:cdp: ws://127.0.0.1:35172/devtoo..., se:cdpVersion: 85.0, setWindowRect: true, strictFileInteractability: false, timeouts: {implicit: 0, pageLoad: 300000, script: 30000}, unhandledPromptBehavior: dismiss and notify, userAgent: Mozilla/5.0 (Windows NT 10....}
Session ID: 9da21a26-2287-49ea-93a5-011a5f758873
at java.base/jdk.internal.reflect.NativeConstructorAccessorImpl.newInstance0(Native Method)
at java.base/jdk.internal.reflect.NativeConstructorAccessorImpl.newInstance(NativeConstructorAccessorImpl.java:77)
at java.base/jdk.internal.reflect.DelegatingConstructorAccessorImpl.newInstance(DelegatingConstructorAccessorImpl.java:45)
at java.base/java.lang.reflect.Constructor.newInstanceWithCaller(Constructor.java:499)
at java.base/java.lang.reflect.Constructor.newInstance(Constructor.java:480)
at org.openqa.selenium.remote.ErrorCodec.decode(ErrorCodec.java:167)
at org.openqa.selenium.remote.codec.w3c.W3CHttpResponseCodec.decode(W3CHttpResponseCodec.java:138)
at org.openqa.selenium.remote.codec.w3c.W3CHttpResponseCodec.decode(W3CHttpResponseCodec.java:50)
at org.openqa.selenium.remote.HttpCommandExecutor.execute(HttpCommandExecutor.java:190)
at org.openqa.selenium.remote.service.DriverCommandExecutor.invokeExecute(DriverCommandExecutor.java:216)
at org.openqa.selenium.remote.service.DriverCommandExecutor.execute(DriverCommandExecutor.java:174)
at org.openqa.selenium.remote.RemoteWebDriver.execute(RemoteWebDriver.java:545)
at org.openqa.selenium.remote.RemoteWebDriver.executeScript(RemoteWebDriver.java:476)
at com.assertthat.selenium_shutterbug.utils.web.Browser.executeJsScript(Browser.java:872)
at com.assertthat.selenium_shutterbug.utils.web.Browser.<init>(Browser.java:81)
at com.assertthat.selenium_shutterbug.core.Shutterbug.shootPage(Shutterbug.java:139)
at com.assertthat.selenium_shutterbug.core.Shutterbug.shootPage(Shutterbug.java:123)
at firefox.mobile.resolutionB.DemoPage.demoPage(DemoPage.java:29)
at java.base/jdk.internal.reflect.NativeMethodAccessorImpl.invoke0(Native Method)
at java.base/jdk.internal.reflect.NativeMethodAccessorImpl.invoke(NativeMethodAccessorImpl.java:77)
at java.base/jdk.internal.reflect.DelegatingMethodAccessorImpl.invoke(DelegatingMethodAccessorImpl.java:43)
at java.base/java.lang.reflect.Method.invoke(Method.java:568)
at org.testng.internal.MethodInvocationHelper.invokeMethod(MethodInvocationHelper.java:133)
at org.testng.internal.TestInvoker.invokeMethod(TestInvoker.java:598)
at org.testng.internal.TestInvoker.invokeTestMethod(TestInvoker.java:173)
at org.testng.internal.MethodRunner.runInSequence(MethodRunner.java:46)
at org.testng.internal.TestInvoker$MethodInvocationAgent.invoke(TestInvoker.java:824)
at org.testng.internal.TestInvoker.invokeTestMethods(TestInvoker.java:146)
at org.testng.internal.TestMethodWorker.invokeTestMethods(TestMethodWorker.java:146)
at org.testng.internal.TestMethodWorker.run(TestMethodWorker.java:128)
at java.base/java.util.ArrayList.forEach(ArrayList.java:1511)
at org.testng.TestRunner.privateRun(TestRunner.java:794)
at org.testng.TestRunner.run(TestRunner.java:596)
at org.testng.SuiteRunner.runTest(SuiteRunner.java:377)
at org.testng.SuiteRunner.runSequentially(SuiteRunner.java:371)
at org.testng.SuiteRunner.privateRun(SuiteRunner.java:332)
at org.testng.SuiteRunner.run(SuiteRunner.java:276)
at org.testng.SuiteRunnerWorker.runSuite(SuiteRunnerWorker.java:53)
at org.testng.SuiteRunnerWorker.run(SuiteRunnerWorker.java:96)
at org.testng.TestNG.runSuitesSequentially(TestNG.java:1212)
at org.testng.TestNG.runSuitesLocally(TestNG.java:1134)
at org.testng.TestNG.runSuites(TestNG.java:1063)
at org.testng.TestNG.run(TestNG.java:1031)
at org.testng.remote.AbstractRemoteTestNG.run(AbstractRemoteTestNG.java:115)
at org.testng.remote.RemoteTestNG.initAndRun(RemoteTestNG.java:293)
at org.testng.remote.RemoteTestNG.main(RemoteTestNG.java:91)
]]>
            </full-stacktrace>
          </exception> <!-- org.openqa.selenium.NoSuchSessionException -->
          <reporter-output>
          </reporter-output>
        </test-method> <!-- demoPage -->
        <test-method is-config="true" signature="tearDown()[pri:0, instance:firefox.mobile.resolutionB.DemoPage@4ec4f3a0]" started-at="2024-09-07T23:50:02 IST" name="tearDown" finished-at="1970-01-01T05:30:00 IST" duration-ms="-1725733202983" status="SKIP">
          <reporter-output>
          </reporter-output>
        </test-method> <!-- tearDown -->
      </class> <!-- firefox.mobile.resolutionB.DemoPage -->
      <class name="firefox.mobile.resolutionB.ProFeatures">
        <test-method signature="proFeatures()[pri:0, instance:firefox.mobile.resolutionB.ProFeatures@6adbc9d]" started-at="2024-09-07T23:42:50 IST" name="proFeatures" finished-at="2024-09-07T23:43:21 IST" duration-ms="30627" status="PASS">
          <reporter-output>
          </reporter-output>
        </test-method> <!-- proFeatures -->
        <test-method is-config="true" signature="tearDown()[pri:0, instance:firefox.mobile.resolutionB.ProFeatures@6adbc9d]" started-at="2024-09-07T23:50:02 IST" name="tearDown" finished-at="1970-01-01T05:30:00 IST" duration-ms="-1725733202995" status="SKIP">
          <reporter-output>
          </reporter-output>
        </test-method> <!-- tearDown -->
      </class> <!-- firefox.mobile.resolutionB.ProFeatures -->
      <class name="firefox.mobile.resolutionC.ProFeatures">
        <test-method signature="proFeatures()[pri:0, instance:firefox.mobile.resolutionC.ProFeatures@9597028]" started-at="2024-09-07T23:45:01 IST" name="proFeatures" finished-at="2024-09-07T23:48:36 IST" duration-ms="215227" status="FAIL">
          <exception class="java.lang.RuntimeException">
            <message>
              <![CDATA[java.lang.reflect.InvocationTargetException]]>
            </message>
            <full-stacktrace>
              <![CDATA[java.lang.RuntimeException: java.lang.reflect.InvocationTargetException
at com.assertthat.selenium_shutterbug.utils.web.Browser.executeCustomCommand(Browser.java:899)
at com.assertthat.selenium_shutterbug.utils.web.Browser.takeFullPageScreenshotGeckoDriver(Browser.java:735)
at com.assertthat.selenium_shutterbug.utils.web.Browser.takeFullPageScreenshot(Browser.java:150)
at com.assertthat.selenium_shutterbug.core.Shutterbug.shootPage(Shutterbug.java:154)
at com.assertthat.selenium_shutterbug.core.Shutterbug.shootPage(Shutterbug.java:123)
at firefox.mobile.resolutionC.ProFeatures.proFeatures(ProFeatures.java:29)
at java.base/jdk.internal.reflect.NativeMethodAccessorImpl.invoke0(Native Method)
at java.base/jdk.internal.reflect.NativeMethodAccessorImpl.invoke(NativeMethodAccessorImpl.java:77)
at java.base/jdk.internal.reflect.DelegatingMethodAccessorImpl.invoke(DelegatingMethodAccessorImpl.java:43)
at java.base/java.lang.reflect.Method.invoke(Method.java:568)
at org.testng.internal.MethodInvocationHelper.invokeMethod(MethodInvocationHelper.java:133)
at org.testng.internal.TestInvoker.invokeMethod(TestInvoker.java:598)
at org.testng.internal.TestInvoker.invokeTestMethod(TestInvoker.java:173)
at org.testng.internal.MethodRunner.runInSequence(MethodRunner.java:46)
at org.testng.internal.TestInvoker$MethodInvocationAgent.invoke(TestInvoker.java:824)
at org.testng.internal.TestInvoker.invokeTestMethods(TestInvoker.java:146)
at org.testng.internal.TestMethodWorker.invokeTestMethods(TestMethodWorker.java:146)
at org.testng.internal.TestMethodWorker.run(TestMethodWorker.java:128)
at java.base/java.util.ArrayList.forEach(ArrayList.java:1511)
at org.testng.TestRunner.privateRun(TestRunner.java:794)
at org.testng.TestRunner.run(TestRunner.java:596)
at org.testng.SuiteRunner.runTest(SuiteRunner.java:377)
at org.testng.SuiteRunner.runSequentially(SuiteRunner.java:371)
at org.testng.SuiteRunner.privateRun(SuiteRunner.java:332)
at org.testng.SuiteRunner.run(SuiteRunner.java:276)
at org.testng.SuiteRunnerWorker.runSuite(SuiteRunnerWorker.java:53)
at org.testng.SuiteRunnerWorker.run(SuiteRunnerWorker.java:96)
at org.testng.TestNG.runSuitesSequentially(TestNG.java:1212)
at org.testng.TestNG.runSuitesLocally(TestNG.java:1134)
at org.testng.TestNG.runSuites(TestNG.java:1063)
at org.testng.TestNG.run(TestNG.java:1031)
at org.testng.remote.AbstractRemoteTestNG.run(AbstractRemoteTestNG.java:115)
at org.testng.remote.RemoteTestNG.initAndRun(RemoteTestNG.java:293)
at org.testng.remote.RemoteTestNG.main(RemoteTestNG.java:91)
Caused by: java.lang.reflect.InvocationTargetException
at jdk.internal.reflect.GeneratedMethodAccessor7.invoke(Unknown Source)
at java.base/jdk.internal.reflect.DelegatingMethodAccessorImpl.invoke(DelegatingMethodAccessorImpl.java:43)
at java.base/java.lang.reflect.Method.invoke(Method.java:568)
at com.assertthat.selenium_shutterbug.utils.web.Browser.executeCustomCommand(Browser.java:896)
... 33 more
Caused by: org.openqa.selenium.TimeoutException: java.util.concurrent.TimeoutException
Build info: version: '4.24.0', revision: '748ffc9bc3'
System info: os.name: 'Windows 11', os.arch: 'amd64', os.version: '10.0', java.version: '17.0.11'
Driver info: org.openqa.selenium.firefox.FirefoxDriver
Command: [6ef8cabb-9247-4363-94a2-ae00f20895e9, mozFullPageScreenshot {}]
Capabilities {acceptInsecureCerts: true, browserName: firefox, browserVersion: 130.0, moz:accessibilityChecks: false, moz:buildID: 20240829075237, moz:debuggerAddress: 127.0.0.1:27513, moz:geckodriverVersion: 0.35.0, moz:headless: false, moz:platformVersion: 10.0, moz:processID: 10008, moz:profile: C:\Users\asus\AppData\Local..., moz:shutdownTimeout: 60000, moz:webdriverClick: true, moz:windowless: false, pageLoadStrategy: normal, platformName: windows, proxy: Proxy(), se:cdp: ws://127.0.0.1:27513/devtoo..., se:cdpVersion: 85.0, setWindowRect: true, strictFileInteractability: false, timeouts: {implicit: 0, pageLoad: 300000, script: 30000}, unhandledPromptBehavior: dismiss and notify, userAgent: Mozilla/5.0 (Windows NT 10....}
Session ID: 6ef8cabb-9247-4363-94a2-ae00f20895e9
at org.openqa.selenium.remote.http.jdk.JdkHttpClient.execute0(JdkHttpClient.java:418)
at org.openqa.selenium.remote.http.AddSeleniumUserAgent.lambda$apply$0(AddSeleniumUserAgent.java:42)
at org.openqa.selenium.remote.http.Filter.lambda$andFinally$1(Filter.java:55)
at org.openqa.selenium.remote.http.jdk.JdkHttpClient.execute(JdkHttpClient.java:374)
at org.openqa.selenium.remote.HttpCommandExecutor.execute(HttpCommandExecutor.java:187)
at org.openqa.selenium.remote.service.DriverCommandExecutor.invokeExecute(DriverCommandExecutor.java:216)
at org.openqa.selenium.remote.service.DriverCommandExecutor.execute(DriverCommandExecutor.java:174)
at org.openqa.selenium.remote.RemoteWebDriver.execute(RemoteWebDriver.java:545)
at org.openqa.selenium.remote.RemoteWebDriver.execute(RemoteWebDriver.java:618)
at org.openqa.selenium.remote.RemoteWebDriver.execute(RemoteWebDriver.java:622)
... 37 more
Caused by: java.util.concurrent.TimeoutException
at java.base/java.util.concurrent.CompletableFuture.timedGet(CompletableFuture.java:1960)
at java.base/java.util.concurrent.CompletableFuture.get(CompletableFuture.java:2095)
at org.openqa.selenium.remote.http.jdk.JdkHttpClient.execute0(JdkHttpClient.java:401)
... 46 more
]]>
            </full-stacktrace>
          </exception> <!-- java.lang.RuntimeException -->
          <reporter-output>
          </reporter-output>
        </test-method> <!-- proFeatures -->
        <test-method is-config="true" signature="tearDown()[pri:0, instance:firefox.mobile.resolutionC.ProFeatures@9597028]" started-at="2024-09-07T23:50:02 IST" name="tearDown" finished-at="1970-01-01T05:30:00 IST" duration-ms="-1725733202999" status="SKIP">
          <reporter-output>
          </reporter-output>
        </test-method> <!-- tearDown -->
      </class> <!-- firefox.mobile.resolutionC.ProFeatures -->
      <class name="firefox.desktop.resolutionsC.ProFeatures">
        <test-method signature="proFeatures()[pri:0, instance:firefox.desktop.resolutionsC.ProFeatures@7f3b84b8]" started-at="2024-09-07T23:39:47 IST" name="proFeatures" finished-at="2024-09-07T23:40:13 IST" duration-ms="26755" status="PASS">
          <reporter-output>
          </reporter-output>
        </test-method> <!-- proFeatures -->
        <test-method is-config="true" signature="tearDown()[pri:0, instance:firefox.desktop.resolutionsC.ProFeatures@7f3b84b8]" started-at="2024-09-07T23:50:02 IST" name="tearDown" finished-at="1970-01-01T05:30:00 IST" duration-ms="-1725733202995" status="SKIP">
          <reporter-output>
          </reporter-output>
        </test-method> <!-- tearDown -->
      </class> <!-- firefox.desktop.resolutionsC.ProFeatures -->
      <class name="firefox.desktop.resolutionsB.ProFeatures">
        <test-method signature="proFeatures()[pri:0, instance:firefox.desktop.resolutionsB.ProFeatures@36902638]" started-at="2024-09-07T23:36:26 IST" name="proFeatures" finished-at="2024-09-07T23:36:48 IST" duration-ms="21927" status="PASS">
          <reporter-output>
          </reporter-output>
        </test-method> <!-- proFeatures -->
        <test-method is-config="true" signature="tearDown()[pri:0, instance:firefox.desktop.resolutionsB.ProFeatures@36902638]" started-at="2024-09-07T23:50:02 IST" name="tearDown" finished-at="1970-01-01T05:30:00 IST" duration-ms="-1725733202991" status="SKIP">
          <reporter-output>
          </reporter-output>
        </test-method> <!-- tearDown -->
      </class> <!-- firefox.desktop.resolutionsB.ProFeatures -->
      <class name="firefox.desktop.resolutionsA.ProFeatures">
        <test-method signature="proFeatures()[pri:0, instance:firefox.desktop.resolutionsA.ProFeatures@564fabc8]" started-at="2024-09-07T23:34:59 IST" name="proFeatures" finished-at="2024-09-07T23:35:20 IST" duration-ms="21402" status="PASS">
          <reporter-output>
          </reporter-output>
        </test-method> <!-- proFeatures -->
        <test-method is-config="true" signature="tearDown()[pri:0, instance:firefox.desktop.resolutionsA.ProFeatures@564fabc8]" started-at="2024-09-07T23:50:02 IST" name="tearDown" finished-at="1970-01-01T05:30:00 IST" duration-ms="-1725733202991" status="SKIP">
          <reporter-output>
          </reporter-output>
        </test-method> <!-- tearDown -->
      </class> <!-- firefox.desktop.resolutionsA.ProFeatures -->
      <class name="firefox.desktop.resolutionsC.CalleyLifetimeOfferB">
        <test-method signature="lifeTimeOfferPage()[pri:0, instance:firefox.desktop.resolutionsC.CalleyLifetimeOfferB@158d2680]" started-at="2024-09-07T23:38:49 IST" name="lifeTimeOfferPage" finished-at="2024-09-07T23:39:16 IST" duration-ms="27514" status="PASS">
          <reporter-output>
          </reporter-output>
        </test-method> <!-- lifeTimeOfferPage -->
        <test-method is-config="true" signature="tearDown()[pri:0, instance:firefox.desktop.resolutionsC.CalleyLifetimeOfferB@158d2680]" started-at="2024-09-07T23:49:55 IST" name="tearDown" finished-at="2024-09-07T23:50:00 IST" duration-ms="5086" status="PASS">
          <reporter-output>
          </reporter-output>
        </test-method> <!-- tearDown -->
      </class> <!-- firefox.desktop.resolutionsC.CalleyLifetimeOfferB -->
      <class name="firefox.desktop.resolutionsA.DemoPageA">
        <test-method signature="demoPage()[pri:0, instance:firefox.desktop.resolutionsA.DemoPageA@36bc55de]" started-at="2024-09-07T23:34:37 IST" name="demoPage" finished-at="2024-09-07T23:34:59 IST" duration-ms="21766" status="PASS">
          <reporter-output>
          </reporter-output>
        </test-method> <!-- demoPage -->
        <test-method is-config="true" signature="tearDown()[pri:0, instance:firefox.desktop.resolutionsA.DemoPageA@36bc55de]" started-at="2024-09-07T23:50:02 IST" name="tearDown" finished-at="1970-01-01T05:30:00 IST" duration-ms="-1725733202987" status="SKIP">
          <reporter-output>
          </reporter-output>
        </test-method> <!-- tearDown -->
      </class> <!-- firefox.desktop.resolutionsA.DemoPageA -->
      <class name="firefox.desktop.resolutionsB.DemoPage">
        <test-method signature="demoPage()[pri:0, instance:firefox.desktop.resolutionsB.DemoPage@1d2adfbe]" started-at="2024-09-07T23:36:06 IST" name="demoPage" finished-at="2024-09-07T23:36:26 IST" duration-ms="20882" status="PASS">
          <reporter-output>
          </reporter-output>
        </test-method> <!-- demoPage -->
        <test-method is-config="true" signature="tearDown()[pri:0, instance:firefox.desktop.resolutionsB.DemoPage@1d2adfbe]" started-at="2024-09-07T23:50:02 IST" name="tearDown" finished-at="1970-01-01T05:30:00 IST" duration-ms="-1725733202979" status="SKIP">
          <reporter-output>
          </reporter-output>
        </test-method> <!-- tearDown -->
      </class> <!-- firefox.desktop.resolutionsB.DemoPage -->
      <class name="firefox.mobile.resolutionA.ProFeatures">
        <test-method signature="proFeatures()[pri:0, instance:firefox.mobile.resolutionA.ProFeatures@7f0eb4b4]" started-at="2024-09-07T23:40:56 IST" name="proFeatures" finished-at="2024-09-07T23:41:20 IST" duration-ms="24150" status="PASS">
          <reporter-output>
          </reporter-output>
        </test-method> <!-- proFeatures -->
        <test-method is-config="true" signature="tearDown()[pri:0, instance:firefox.mobile.resolutionA.ProFeatures@7f0eb4b4]" started-at="2024-09-07T23:50:02 IST" name="tearDown" finished-at="1970-01-01T05:30:00 IST" duration-ms="-1725733202995" status="SKIP">
          <reporter-output>
          </reporter-output>
        </test-method> <!-- tearDown -->
      </class> <!-- firefox.mobile.resolutionA.ProFeatures -->
      <class name="firefox.mobile.resolutionC.LifetimeOfferPageC">
        <test-method signature="lifeTimeOfferPage()[pri:0, instance:firefox.mobile.resolutionC.LifetimeOfferPageC@4efbca5a]" started-at="2024-09-07T23:49:05 IST" name="lifeTimeOfferPage" finished-at="2024-09-07T23:49:30 IST" duration-ms="25262" status="FAIL">
          <exception class="org.openqa.selenium.SessionNotCreatedException">
            <message>
              <![CDATA[Could not start a new session. Response code 500. Message: Failed to decode response from marionette 
Host info: host: 'LAPTOP-HRRLCGBU', ip: '192.168.0.109'
Build info: version: '4.24.0', revision: '748ffc9bc3'
System info: os.name: 'Windows 11', os.arch: 'amd64', os.version: '10.0', java.version: '17.0.11'
Driver info: org.openqa.selenium.firefox.FirefoxDriver
Command: [null, newSession {capabilities=[Capabilities {acceptInsecureCerts: true, browserName: firefox, moz:debuggerAddress: true, moz:firefoxOptions: {binary: C:\Users\asus\.cache\seleni..., prefs: {remote.active-protocols: 3}}}]}]]]>
            </message>
            <full-stacktrace>
              <![CDATA[org.openqa.selenium.SessionNotCreatedException: Could not start a new session. Response code 500. Message: Failed to decode response from marionette 
Host info: host: 'LAPTOP-HRRLCGBU', ip: '192.168.0.109'
Build info: version: '4.24.0', revision: '748ffc9bc3'
System info: os.name: 'Windows 11', os.arch: 'amd64', os.version: '10.0', java.version: '17.0.11'
Driver info: org.openqa.selenium.firefox.FirefoxDriver
Command: [null, newSession {capabilities=[Capabilities {acceptInsecureCerts: true, browserName: firefox, moz:debuggerAddress: true, moz:firefoxOptions: {binary: C:\Users\asus\.cache\seleni..., prefs: {remote.active-protocols: 3}}}]}]
at org.openqa.selenium.remote.ProtocolHandshake.createSession(ProtocolHandshake.java:114)
at org.openqa.selenium.remote.ProtocolHandshake.createSession(ProtocolHandshake.java:75)
at org.openqa.selenium.remote.ProtocolHandshake.createSession(ProtocolHandshake.java:61)
at org.openqa.selenium.remote.HttpCommandExecutor.execute(HttpCommandExecutor.java:162)
at org.openqa.selenium.remote.service.DriverCommandExecutor.invokeExecute(DriverCommandExecutor.java:216)
at org.openqa.selenium.remote.service.DriverCommandExecutor.execute(DriverCommandExecutor.java:174)
at org.openqa.selenium.remote.RemoteWebDriver.execute(RemoteWebDriver.java:545)
at org.openqa.selenium.remote.RemoteWebDriver.startSession(RemoteWebDriver.java:245)
at org.openqa.selenium.remote.RemoteWebDriver.<init>(RemoteWebDriver.java:174)
at org.openqa.selenium.firefox.FirefoxDriver.<init>(FirefoxDriver.java:155)
at org.openqa.selenium.firefox.FirefoxDriver.<init>(FirefoxDriver.java:150)
at org.openqa.selenium.firefox.FirefoxDriver.<init>(FirefoxDriver.java:132)
at org.openqa.selenium.firefox.FirefoxDriver.<init>(FirefoxDriver.java:127)
at org.openqa.selenium.firefox.FirefoxDriver.<init>(FirefoxDriver.java:112)
at org.openqa.selenium.firefox.FirefoxDriver.<init>(FirefoxDriver.java:102)
at firefox.mobile.resolutionC.LifetimeOfferPageC.lifeTimeOfferPage(LifetimeOfferPageC.java:21)
at java.base/jdk.internal.reflect.NativeMethodAccessorImpl.invoke0(Native Method)
at java.base/jdk.internal.reflect.NativeMethodAccessorImpl.invoke(NativeMethodAccessorImpl.java:77)
at java.base/jdk.internal.reflect.DelegatingMethodAccessorImpl.invoke(DelegatingMethodAccessorImpl.java:43)
at java.base/java.lang.reflect.Method.invoke(Method.java:568)
at org.testng.internal.MethodInvocationHelper.invokeMethod(MethodInvocationHelper.java:133)
at org.testng.internal.TestInvoker.invokeMethod(TestInvoker.java:598)
at org.testng.internal.TestInvoker.invokeTestMethod(TestInvoker.java:173)
at org.testng.internal.MethodRunner.runInSequence(MethodRunner.java:46)
at org.testng.internal.TestInvoker$MethodInvocationAgent.invoke(TestInvoker.java:824)
at org.testng.internal.TestInvoker.invokeTestMethods(TestInvoker.java:146)
at org.testng.internal.TestMethodWorker.invokeTestMethods(TestMethodWorker.java:146)
at org.testng.internal.TestMethodWorker.run(TestMethodWorker.java:128)
at java.base/java.util.ArrayList.forEach(ArrayList.java:1511)
at org.testng.TestRunner.privateRun(TestRunner.java:794)
at org.testng.TestRunner.run(TestRunner.java:596)
at org.testng.SuiteRunner.runTest(SuiteRunner.java:377)
at org.testng.SuiteRunner.runSequentially(SuiteRunner.java:371)
at org.testng.SuiteRunner.privateRun(SuiteRunner.java:332)
at org.testng.SuiteRunner.run(SuiteRunner.java:276)
at org.testng.SuiteRunnerWorker.runSuite(SuiteRunnerWorker.java:53)
at org.testng.SuiteRunnerWorker.run(SuiteRunnerWorker.java:96)
at org.testng.TestNG.runSuitesSequentially(TestNG.java:1212)
at org.testng.TestNG.runSuitesLocally(TestNG.java:1134)
at org.testng.TestNG.runSuites(TestNG.java:1063)
at org.testng.TestNG.run(TestNG.java:1031)
at org.testng.remote.AbstractRemoteTestNG.run(AbstractRemoteTestNG.java:115)
at org.testng.remote.RemoteTestNG.initAndRun(RemoteTestNG.java:293)
at org.testng.remote.RemoteTestNG.main(RemoteTestNG.java:91)
]]>
            </full-stacktrace>
          </exception> <!-- org.openqa.selenium.SessionNotCreatedException -->
          <reporter-output>
          </reporter-output>
        </test-method> <!-- lifeTimeOfferPage -->
        <test-method is-config="true" signature="tearDown()[pri:0, instance:firefox.mobile.resolutionC.LifetimeOfferPageC@4efbca5a]" started-at="2024-09-07T23:50:02 IST" name="tearDown" finished-at="1970-01-01T05:30:00 IST" duration-ms="-1725733202991" status="SKIP">
          <reporter-output>
          </reporter-output>
        </test-method> <!-- tearDown -->
      </class> <!-- firefox.mobile.resolutionC.LifetimeOfferPageC -->
      <class name="firefox.mobile.resolutionB.LifetimeOfferPageB">
        <test-method signature="lifeTimeOfferPage()[pri:0, instance:firefox.mobile.resolutionB.LifetimeOfferPageB@223191a6]" started-at="2024-09-07T23:44:17 IST" name="lifeTimeOfferPage" finished-at="2024-09-07T23:44:38 IST" duration-ms="21322" status="FAIL">
          <exception class="org.openqa.selenium.SessionNotCreatedException">
            <message>
              <![CDATA[Could not start a new session. Response code 500. Message: Failed to decode response from marionette 
Host info: host: 'LAPTOP-HRRLCGBU', ip: '192.168.0.109'
Build info: version: '4.24.0', revision: '748ffc9bc3'
System info: os.name: 'Windows 11', os.arch: 'amd64', os.version: '10.0', java.version: '17.0.11'
Driver info: org.openqa.selenium.firefox.FirefoxDriver
Command: [null, newSession {capabilities=[Capabilities {acceptInsecureCerts: true, browserName: firefox, moz:debuggerAddress: true, moz:firefoxOptions: {binary: C:\Users\asus\.cache\seleni..., prefs: {remote.active-protocols: 3}}}]}]]]>
            </message>
            <full-stacktrace>
              <![CDATA[org.openqa.selenium.SessionNotCreatedException: Could not start a new session. Response code 500. Message: Failed to decode response from marionette 
Host info: host: 'LAPTOP-HRRLCGBU', ip: '192.168.0.109'
Build info: version: '4.24.0', revision: '748ffc9bc3'
System info: os.name: 'Windows 11', os.arch: 'amd64', os.version: '10.0', java.version: '17.0.11'
Driver info: org.openqa.selenium.firefox.FirefoxDriver
Command: [null, newSession {capabilities=[Capabilities {acceptInsecureCerts: true, browserName: firefox, moz:debuggerAddress: true, moz:firefoxOptions: {binary: C:\Users\asus\.cache\seleni..., prefs: {remote.active-protocols: 3}}}]}]
at org.openqa.selenium.remote.ProtocolHandshake.createSession(ProtocolHandshake.java:114)
at org.openqa.selenium.remote.ProtocolHandshake.createSession(ProtocolHandshake.java:75)
at org.openqa.selenium.remote.ProtocolHandshake.createSession(ProtocolHandshake.java:61)
at org.openqa.selenium.remote.HttpCommandExecutor.execute(HttpCommandExecutor.java:162)
at org.openqa.selenium.remote.service.DriverCommandExecutor.invokeExecute(DriverCommandExecutor.java:216)
at org.openqa.selenium.remote.service.DriverCommandExecutor.execute(DriverCommandExecutor.java:174)
at org.openqa.selenium.remote.RemoteWebDriver.execute(RemoteWebDriver.java:545)
at org.openqa.selenium.remote.RemoteWebDriver.startSession(RemoteWebDriver.java:245)
at org.openqa.selenium.remote.RemoteWebDriver.<init>(RemoteWebDriver.java:174)
at org.openqa.selenium.firefox.FirefoxDriver.<init>(FirefoxDriver.java:155)
at org.openqa.selenium.firefox.FirefoxDriver.<init>(FirefoxDriver.java:150)
at org.openqa.selenium.firefox.FirefoxDriver.<init>(FirefoxDriver.java:132)
at org.openqa.selenium.firefox.FirefoxDriver.<init>(FirefoxDriver.java:127)
at org.openqa.selenium.firefox.FirefoxDriver.<init>(FirefoxDriver.java:112)
at org.openqa.selenium.firefox.FirefoxDriver.<init>(FirefoxDriver.java:102)
at firefox.mobile.resolutionB.LifetimeOfferPageB.lifeTimeOfferPage(LifetimeOfferPageB.java:21)
at java.base/jdk.internal.reflect.NativeMethodAccessorImpl.invoke0(Native Method)
at java.base/jdk.internal.reflect.NativeMethodAccessorImpl.invoke(NativeMethodAccessorImpl.java:77)
at java.base/jdk.internal.reflect.DelegatingMethodAccessorImpl.invoke(DelegatingMethodAccessorImpl.java:43)
at java.base/java.lang.reflect.Method.invoke(Method.java:568)
at org.testng.internal.MethodInvocationHelper.invokeMethod(MethodInvocationHelper.java:133)
at org.testng.internal.TestInvoker.invokeMethod(TestInvoker.java:598)
at org.testng.internal.TestInvoker.invokeTestMethod(TestInvoker.java:173)
at org.testng.internal.MethodRunner.runInSequence(MethodRunner.java:46)
at org.testng.internal.TestInvoker$MethodInvocationAgent.invoke(TestInvoker.java:824)
at org.testng.internal.TestInvoker.invokeTestMethods(TestInvoker.java:146)
at org.testng.internal.TestMethodWorker.invokeTestMethods(TestMethodWorker.java:146)
at org.testng.internal.TestMethodWorker.run(TestMethodWorker.java:128)
at java.base/java.util.ArrayList.forEach(ArrayList.java:1511)
at org.testng.TestRunner.privateRun(TestRunner.java:794)
at org.testng.TestRunner.run(TestRunner.java:596)
at org.testng.SuiteRunner.runTest(SuiteRunner.java:377)
at org.testng.SuiteRunner.runSequentially(SuiteRunner.java:371)
at org.testng.SuiteRunner.privateRun(SuiteRunner.java:332)
at org.testng.SuiteRunner.run(SuiteRunner.java:276)
at org.testng.SuiteRunnerWorker.runSuite(SuiteRunnerWorker.java:53)
at org.testng.SuiteRunnerWorker.run(SuiteRunnerWorker.java:96)
at org.testng.TestNG.runSuitesSequentially(TestNG.java:1212)
at org.testng.TestNG.runSuitesLocally(TestNG.java:1134)
at org.testng.TestNG.runSuites(TestNG.java:1063)
at org.testng.TestNG.run(TestNG.java:1031)
at org.testng.remote.AbstractRemoteTestNG.run(AbstractRemoteTestNG.java:115)
at org.testng.remote.RemoteTestNG.initAndRun(RemoteTestNG.java:293)
at org.testng.remote.RemoteTestNG.main(RemoteTestNG.java:91)
]]>
            </full-stacktrace>
          </exception> <!-- org.openqa.selenium.SessionNotCreatedException -->
          <reporter-output>
          </reporter-output>
        </test-method> <!-- lifeTimeOfferPage -->
        <test-method is-config="true" signature="tearDown()[pri:0, instance:firefox.mobile.resolutionB.LifetimeOfferPageB@223191a6]" started-at="2024-09-07T23:50:02 IST" name="tearDown" finished-at="1970-01-01T05:30:00 IST" duration-ms="-1725733202987" status="SKIP">
          <reporter-output>
          </reporter-output>
        </test-method> <!-- tearDown -->
      </class> <!-- firefox.mobile.resolutionB.LifetimeOfferPageB -->
      <class name="firefox.mobile.resolutionA.DemoPage">
        <test-method signature="demoPage()[pri:0, instance:firefox.mobile.resolutionA.DemoPage@57a3af25]" started-at="2024-09-07T23:40:13 IST" name="demoPage" finished-at="2024-09-07T23:40:36 IST" duration-ms="22347" status="PASS">
          <reporter-output>
          </reporter-output>
        </test-method> <!-- demoPage -->
        <test-method is-config="true" signature="tearDown()[pri:0, instance:firefox.mobile.resolutionA.DemoPage@57a3af25]" started-at="2024-09-07T23:50:02 IST" name="tearDown" finished-at="1970-01-01T05:30:00 IST" duration-ms="-1725733202983" status="SKIP">
          <reporter-output>
          </reporter-output>
        </test-method> <!-- tearDown -->
      </class> <!-- firefox.mobile.resolutionA.DemoPage -->
      <class name="firefox.mobile.resolutionB.CalleyMobileB">
        <test-method signature="calleyPage()[pri:0, instance:firefox.mobile.resolutionB.CalleyMobileB@c8c12ac]" started-at="2024-09-07T23:42:19 IST" name="calleyPage" finished-at="2024-09-07T23:42:50 IST" duration-ms="31205" status="PASS">
          <reporter-output>
          </reporter-output>
        </test-method> <!-- calleyPage -->
        <test-method is-config="true" signature="tearDown()[pri:0, instance:firefox.mobile.resolutionB.CalleyMobileB@c8c12ac]" started-at="2024-09-07T23:50:01 IST" name="tearDown" finished-at="2024-09-07T23:50:02 IST" duration-ms="984" status="PASS">
          <reporter-output>
          </reporter-output>
        </test-method> <!-- tearDown -->
      </class> <!-- firefox.mobile.resolutionB.CalleyMobileB -->
      <class name="firefox.desktop.resolutionsA.CalleyLifetimeOffer">
        <test-method signature="lifeTimeOfferPage()[pri:0, instance:firefox.desktop.resolutionsA.CalleyLifetimeOffer@49ec71f8]" started-at="2024-09-07T23:35:47 IST" name="lifeTimeOfferPage" finished-at="2024-09-07T23:36:06 IST" duration-ms="18923" status="PASS">
          <reporter-output>
          </reporter-output>
        </test-method> <!-- lifeTimeOfferPage -->
        <test-method is-config="true" signature="tearDown()[pri:0, instance:firefox.desktop.resolutionsA.CalleyLifetimeOffer@49ec71f8]" started-at="2024-09-07T23:49:53 IST" name="tearDown" finished-at="2024-09-07T23:49:54 IST" duration-ms="957" status="PASS">
          <reporter-output>
          </reporter-output>
        </test-method> <!-- tearDown -->
      </class> <!-- firefox.desktop.resolutionsA.CalleyLifetimeOffer -->
    </test> <!-- Test -->
  </suite> <!-- Suite -->
</testng-results>
